  Bezier.cpp
..\Sources\Bezier.cpp(107): warning C4018: '<' : incompatibilité signed/unsigned
..\Sources\Bezier.cpp(140): warning C4018: '<' : incompatibilité signed/unsigned
  Button.cpp
D:\Documents\Projets\Morse\Includes\Collider.h(61): warning C4244: 'argument' : conversion de 'int' en 'float', perte possible de données
  Event.cpp
D:\Documents\Projets\Morse\Includes\Collider.h(61): warning C4244: 'argument' : conversion de 'int' en 'float', perte possible de données
..\Sources\Event.cpp(122): warning C4244: 'argument' : conversion de 'int' en 'float', perte possible de données
..\Sources\Event.cpp(272): warning C4244: '=' : conversion de 'double' en 'float', perte possible de données
..\Sources\Event.cpp(387): warning C4244: 'argument' : conversion de 'const float' en 'sf::Int32', perte possible de données
..\Sources\Event.cpp(388): warning C4244: 'argument' : conversion de 'const float' en 'sf::Int32', perte possible de données
  Main.cpp
..\Sources\Main.cpp(8): warning C4244: 'argument' : conversion de 'float' en 'unsigned int', perte possible de données
..\Sources\Main.cpp(18): warning C4018: '<' : incompatibilité signed/unsigned
  Note.cpp
  Screen.cpp
..\Sources\Screen.cpp(22): warning C4244: 'argument' : conversion de 'float' en 'unsigned int', perte possible de données
..\Sources\Screen.cpp(40): warning C4244: 'argument' : conversion de 'float' en 'const ::size_t', perte possible de données
..\Sources\Screen.cpp(43): warning C4244: 'argument' : conversion de 'float' en 'const ::size_t', perte possible de données
..\Sources\Screen.cpp(46): warning C4244: 'argument' : conversion de 'float' en 'const ::size_t', perte possible de données
..\Sources\Screen.cpp(49): warning C4244: 'argument' : conversion de 'float' en 'const ::size_t', perte possible de données
  Skin.cpp
  Génération de code en cours
d:\documents\projets\morse\sources\event.cpp(217): warning C4715: 'GameEvent::removeNote' : les chemins de contrôle ne retournent pas tous une valeur
d:\documents\projets\morse\sources\button.cpp(87): warning C4715: 'Button::triggerEvent' : les chemins de contrôle ne retournent pas tous une valeur
  All 1440 functions were compiled because no usable IPDB/IOBJ from previous compilation was found.
  Fin de la génération du code
  RhythmGame.vcxproj -> D:\Documents\Projets\Morse\Release\Morse.exe
  RhythmGame.vcxproj -> D:\Documents\Projets\Morse\Release\Morse.pdb (Full PDB)
