d:\documents\projets\morse\rhythmgame\debug\vc141.pdb
d:\documents\projets\morse\rhythmgame\debug\vc141.idb
d:\documents\projets\morse\rhythmgame\debug\bezier.obj
d:\documents\projets\morse\rhythmgame\debug\button.obj
d:\documents\projets\morse\rhythmgame\debug\event.obj
d:\documents\projets\morse\rhythmgame\debug\main.obj
d:\documents\projets\morse\rhythmgame\debug\note.obj
d:\documents\projets\morse\rhythmgame\debug\screen.obj
d:\documents\projets\morse\rhythmgame\debug\skin.obj
d:\documents\projets\morse\rhythmgame\debug\song.obj
d:\documents\projets\morse\debug\morse.exe
d:\documents\projets\morse\debug\morse.ilk
d:\documents\projets\morse\debug\morse.pdb
d:\documents\projets\morse\rhythmgame\debug\event.obj.enc
d:\documents\projets\morse\rhythmgame\debug\morse.tlog\cl.command.1.tlog
d:\documents\projets\morse\rhythmgame\debug\morse.tlog\cl.read.1.tlog
d:\documents\projets\morse\rhythmgame\debug\morse.tlog\cl.write.1.tlog
d:\documents\projets\morse\rhythmgame\debug\morse.tlog\link.command.1.tlog
d:\documents\projets\morse\rhythmgame\debug\morse.tlog\link.read.1.tlog
d:\documents\projets\morse\rhythmgame\debug\morse.tlog\link.write.1.tlog
