  Bezier.cpp
D:\Documents\Projets\Games\Personnel\Morse\Sources\Bezier.cpp(93,26): warning C4018: '<' : incompatibilité signed/unsigned
D:\Documents\Projets\Games\Personnel\Morse\Sources\Bezier.cpp(209,23): warning C4018: '<' : incompatibilité signed/unsigned
  Event.cpp
D:\Documents\Projets\Games\Personnel\Morse\Sources\Bezier.cpp(242,34): warning C4018: '<' : incompatibilité signed/unsigned
D:\Documents\Projets\Games\Personnel\Morse\Includes\Collider.h(61,44): warning C4244: 'argument' : conversion de 'int' en 'T', perte possible de données
D:\Documents\Projets\Games\Personnel\Morse\Includes\Collider.h(61,44): warning C4244:         with
D:\Documents\Projets\Games\Personnel\Morse\Includes\Collider.h(61,44): warning C4244:         [
D:\Documents\Projets\Games\Personnel\Morse\Includes\Collider.h(61,44): warning C4244:             T=float
D:\Documents\Projets\Games\Personnel\Morse\Includes\Collider.h(61,44): warning C4244:         ]
D:\Documents\Projets\Games\Personnel\Morse\Includes\Collider.h(61,37): warning C4244: 'argument' : conversion de 'int' en 'T', perte possible de données
D:\Documents\Projets\Games\Personnel\Morse\Includes\Collider.h(61,37): warning C4244:         with
D:\Documents\Projets\Games\Personnel\Morse\Includes\Collider.h(61,37): warning C4244:         [
D:\Documents\Projets\Games\Personnel\Morse\Includes\Collider.h(61,37): warning C4244:             T=float
D:\Documents\Projets\Games\Personnel\Morse\Includes\Collider.h(61,37): warning C4244:         ]
D:\Documents\Projets\Games\Personnel\Morse\Sources\Event.cpp(123,100): warning C4244: 'argument' : conversion de 'int' en 'T', perte possible de données
D:\Documents\Projets\Games\Personnel\Morse\Sources\Event.cpp(123,100): warning C4244:         with
D:\Documents\Projets\Games\Personnel\Morse\Sources\Event.cpp(123,100): warning C4244:         [
D:\Documents\Projets\Games\Personnel\Morse\Sources\Event.cpp(123,100): warning C4244:             T=float
D:\Documents\Projets\Games\Personnel\Morse\Sources\Event.cpp(123,100): warning C4244:         ]
D:\Documents\Projets\Games\Personnel\Morse\Sources\Event.cpp(123,79): warning C4244: 'argument' : conversion de 'int' en 'T', perte possible de données
D:\Documents\Projets\Games\Personnel\Morse\Sources\Event.cpp(123,79): warning C4244:         with
D:\Documents\Projets\Games\Personnel\Morse\Sources\Event.cpp(123,79): warning C4244:         [
D:\Documents\Projets\Games\Personnel\Morse\Sources\Event.cpp(123,79): warning C4244:             T=float
D:\Documents\Projets\Games\Personnel\Morse\Sources\Event.cpp(123,79): warning C4244:         ]
D:\Documents\Projets\Games\Personnel\Morse\Sources\Event.cpp(264,20): warning C4018: '<' : incompatibilité signed/unsigned
D:\Documents\Projets\Games\Personnel\Morse\Sources\Event.cpp(331,64): warning C4244: '=' : conversion de 'double' en 'float', perte possible de données
D:\Documents\Projets\Games\Personnel\Morse\Sources\Event.cpp(435,114): warning C4244: 'argument' : conversion de 'const T' en 'sf::Int32', perte possible de données
D:\Documents\Projets\Games\Personnel\Morse\Sources\Event.cpp(435,114): warning C4244:         with
D:\Documents\Projets\Games\Personnel\Morse\Sources\Event.cpp(435,114): warning C4244:         [
D:\Documents\Projets\Games\Personnel\Morse\Sources\Event.cpp(435,114): warning C4244:             T=float
D:\Documents\Projets\Games\Personnel\Morse\Sources\Event.cpp(435,114): warning C4244:         ]
  Screen.cpp
D:\Documents\Projets\Games\Personnel\Morse\Sources\Event.cpp(436,111): warning C4244: 'argument' : conversion de 'const T' en 'sf::Int32', perte possible de données
D:\Documents\Projets\Games\Personnel\Morse\Sources\Event.cpp(436,111): warning C4244:         with
D:\Documents\Projets\Games\Personnel\Morse\Sources\Event.cpp(436,111): warning C4244:         [
D:\Documents\Projets\Games\Personnel\Morse\Sources\Event.cpp(436,111): warning C4244:             T=float
D:\Documents\Projets\Games\Personnel\Morse\Sources\Event.cpp(436,111): warning C4244:         ]
D:\Documents\Projets\Games\Personnel\Morse\Sources\Screen.cpp(22,46): warning C4244: 'argument' : conversion de 'float' en 'unsigned int', perte possible de données
D:\Documents\Projets\Games\Personnel\Morse\Sources\Screen.cpp(38,60): warning C4244: 'argument' : conversion de 'T' en 'const size_t', perte possible de données
D:\Documents\Projets\Games\Personnel\Morse\Sources\Screen.cpp(38,60): warning C4244:         with
D:\Documents\Projets\Games\Personnel\Morse\Sources\Screen.cpp(38,60): warning C4244:         [
D:\Documents\Projets\Games\Personnel\Morse\Sources\Screen.cpp(38,60): warning C4244:             T=float
D:\Documents\Projets\Games\Personnel\Morse\Sources\Screen.cpp(38,60): warning C4244:         ]
D:\Documents\Projets\Games\Personnel\Morse\Sources\Screen.cpp(41,57): warning C4244: 'argument' : conversion de 'T' en 'const size_t', perte possible de données
D:\Documents\Projets\Games\Personnel\Morse\Sources\Screen.cpp(41,57): warning C4244:         with
D:\Documents\Projets\Games\Personnel\Morse\Sources\Screen.cpp(41,57): warning C4244:         [
D:\Documents\Projets\Games\Personnel\Morse\Sources\Screen.cpp(41,57): warning C4244:             T=float
D:\Documents\Projets\Games\Personnel\Morse\Sources\Screen.cpp(41,57): warning C4244:         ]
D:\Documents\Projets\Games\Personnel\Morse\Sources\Screen.cpp(44,60): warning C4244: 'argument' : conversion de 'T' en 'const size_t', perte possible de données
D:\Documents\Projets\Games\Personnel\Morse\Sources\Screen.cpp(44,60): warning C4244:         with
D:\Documents\Projets\Games\Personnel\Morse\Sources\Screen.cpp(44,60): warning C4244:         [
D:\Documents\Projets\Games\Personnel\Morse\Sources\Screen.cpp(44,60): warning C4244:             T=float
D:\Documents\Projets\Games\Personnel\Morse\Sources\Screen.cpp(44,60): warning C4244:         ]
  Song.cpp
  Génération de code en cours...
D:\Documents\Projets\Games\Personnel\Morse\Sources\Screen.cpp(47,57): warning C4244: 'argument' : conversion de 'T' en 'const size_t', perte possible de données
D:\Documents\Projets\Games\Personnel\Morse\Sources\Screen.cpp(47,57): warning C4244:         with
D:\Documents\Projets\Games\Personnel\Morse\Sources\Screen.cpp(47,57): warning C4244:         [
D:\Documents\Projets\Games\Personnel\Morse\Sources\Screen.cpp(47,57): warning C4244:             T=float
D:\Documents\Projets\Games\Personnel\Morse\Sources\Screen.cpp(47,57): warning C4244:         ]
D:\Documents\Projets\Games\Personnel\Morse\Sources\Song.cpp(49): warning C4715: 'Song::getPhaseByTime' : les chemins de contrôle ne retournent pas tous une valeur
D:\Documents\Projets\Games\Personnel\Morse\Sources\Event.cpp(242): warning C4715: 'GameEvent::removeNote' : les chemins de contrôle ne retournent pas tous une valeur
D:\Documents\Projets\Games\Personnel\Morse\Sources\Bezier.cpp(106): warning C4172: retourne l'adresse d'une variable locale ou  temporaire
D:\Documents\Projets\Games\Personnel\Morse\Sources\Bezier.cpp(96): warning C4172: retourne l'adresse d'une variable locale ou  temporaire
D:\Documents\Projets\Games\Personnel\Morse\Sources\Bezier.cpp(121): warning C4172: retourne l'adresse d'une variable locale ou  temporaire
  RhythmGame.vcxproj -> D:\Documents\Projets\Games\Personnel\Morse\Debug\Morse.exe
